[2024-12-04 01:32:45][[34mDEBUG[0m] - Estabilishing database connection
[2024-12-04 01:32:45][[32mINFO[0m] - Successfully connected to db!
[2024-12-04 01:32:45][[32mINFO[0m] - Successfully received db client
[2024-12-04 01:32:45][[34mDEBUG[0m] - Creating users table
[2024-12-04 01:32:45][[32mINFO[0m] - Users Table Created
[2024-12-04 01:32:45][[34mDEBUG[0m] - Creating products table
[2024-12-04 01:32:45][[32mINFO[0m] - Products Table Created
[2024-12-04 01:32:45][[34mDEBUG[0m] - Creating orders table
[2024-12-04 01:32:45][[32mINFO[0m] - Orders Table Created
[2024-12-04 01:32:45][[34mDEBUG[0m] - Creating news articles table
[2024-12-04 01:32:45][[32mINFO[0m] - News Articles Table Created
[2024-12-04 01:35:07][[34mDEBUG[0m] - Querying news article with id=2
[2024-12-04 01:35:07][[32mINFO[0m] - Successfully retrieved news article with id=2
[2024-12-04 01:35:28][[34mDEBUG[0m] - Querying news article with id=2
[2024-12-04 01:35:28][[32mINFO[0m] - Successfully retrieved news article with id=2
[2024-12-04 01:35:54][[34mDEBUG[0m] - Verifying admin privileges for updating a article's status
[2024-12-04 01:35:54][[34mDEBUG[0m] - Starting admin verification
[2024-12-04 01:35:54][[34mDEBUG[0m] - Authorization header found: "Bearer eyJ0eXAiOiJKV1QiLCJhbGciOiJIUzI1NiJ9.eyJzdWIiOjYsImVtYWlsIjoiamV6cmVlbC52ZWxvc29AZ21haWwuY29tIiwiZXhwIjoxNzMzMzY1NTg1fQ.R-TPRf_7rCwYvnydtlTd62Sb7I-0uqB0jjQiWD3uXTg"
[2024-12-04 01:35:54][[34mDEBUG[0m] - Extracted token: eyJ0eXAiOiJKV1QiLCJhbGciOiJIUzI1NiJ9.eyJzdWIiOjYsImVtYWlsIjoiamV6cmVlbC52ZWxvc29AZ21haWwuY29tIiwiZXhwIjoxNzMzMzY1NTg1fQ.R-TPRf_7rCwYvnydtlTd62Sb7I-0uqB0jjQiWD3uXTg
[2024-12-04 01:35:54][[32mINFO[0m] - JWT Successfully verified for user_id=6
[2024-12-04 01:35:54][[34mDEBUG[0m] - JWT verification successfully, user_id=6
[2024-12-04 01:35:54][[34mDEBUG[0m] - Retrieved role for user_id=6: admin
[2024-12-04 01:35:54][[32mINFO[0m] - User with user_id=6 is an admin
[2024-12-04 01:35:54][[32mINFO[0m] - Admin privileges verified
[2024-12-04 01:35:54][[34mDEBUG[0m] - Updating article's status with id=2
[2024-12-04 01:35:54][[32mINFO[0m] - Successfully updated article with id=2
[2024-12-04 01:36:00][[34mDEBUG[0m] - Querying news article with id=2
[2024-12-04 01:36:00][[32mINFO[0m] - Successfully retrieved news article with id=2
[2024-12-04 01:36:11][[34mDEBUG[0m] - Verifying admin privileges for updating a article's status
[2024-12-04 01:36:11][[34mDEBUG[0m] - Starting admin verification
[2024-12-04 01:36:11][[34mDEBUG[0m] - Authorization header found: "Bearer eyJ0eXAiOiJKV1QiLCJhbGciOiJIUzI1NiJ9.eyJzdWIiOjYsImVtYWlsIjoiamV6cmVlbC52ZWxvc29AZ21haWwuY29tIiwiZXhwIjoxNzMzMzY1NTg1fQ.R-TPRf_7rCwYvnydtlTd62Sb7I-0uqB0jjQiWD3uXTg"
[2024-12-04 01:36:11][[34mDEBUG[0m] - Extracted token: eyJ0eXAiOiJKV1QiLCJhbGciOiJIUzI1NiJ9.eyJzdWIiOjYsImVtYWlsIjoiamV6cmVlbC52ZWxvc29AZ21haWwuY29tIiwiZXhwIjoxNzMzMzY1NTg1fQ.R-TPRf_7rCwYvnydtlTd62Sb7I-0uqB0jjQiWD3uXTg
[2024-12-04 01:36:11][[32mINFO[0m] - JWT Successfully verified for user_id=6
[2024-12-04 01:36:11][[34mDEBUG[0m] - JWT verification successfully, user_id=6
[2024-12-04 01:36:11][[34mDEBUG[0m] - Retrieved role for user_id=6: admin
[2024-12-04 01:36:11][[32mINFO[0m] - User with user_id=6 is an admin
[2024-12-04 01:36:11][[32mINFO[0m] - Admin privileges verified
[2024-12-04 01:36:11][[34mDEBUG[0m] - Updating article's status with id=2
[2024-12-04 01:36:11][[31mERROR[0m] - Failed to update article with id=2: Error { kind: Db, cause: Some(DbError { severity: "ERROR", parsed_severity: Some(Error), code: SqlState(E42601), message: "syntax error at or near \"published_at\"", detail: None, hint: None, position: Some(Original(70)), where_: None, schema: None, table: None, column: None, datatype: None, constraint: None, file: Some("scan.l"), line: Some(1241), routine: Some("scanner_yyerror") }) }
[2024-12-04 01:37:59][[34mDEBUG[0m] - Estabilishing database connection
[2024-12-04 01:37:59][[32mINFO[0m] - Successfully connected to db!
[2024-12-04 01:37:59][[32mINFO[0m] - Successfully received db client
[2024-12-04 01:37:59][[34mDEBUG[0m] - Creating users table
[2024-12-04 01:37:59][[32mINFO[0m] - Users Table Created
[2024-12-04 01:37:59][[34mDEBUG[0m] - Creating products table
[2024-12-04 01:37:59][[32mINFO[0m] - Products Table Created
[2024-12-04 01:37:59][[34mDEBUG[0m] - Creating orders table
[2024-12-04 01:37:59][[32mINFO[0m] - Orders Table Created
[2024-12-04 01:37:59][[34mDEBUG[0m] - Creating news articles table
[2024-12-04 01:37:59][[32mINFO[0m] - News Articles Table Created
[2024-12-04 01:42:26][[34mDEBUG[0m] - Estabilishing database connection
[2024-12-04 01:42:26][[32mINFO[0m] - Successfully connected to db!
[2024-12-04 01:42:26][[32mINFO[0m] - Successfully received db client
[2024-12-04 01:42:26][[34mDEBUG[0m] - Creating users table
[2024-12-04 01:42:27][[32mINFO[0m] - Users Table Created
[2024-12-04 01:42:27][[34mDEBUG[0m] - Creating products table
[2024-12-04 01:42:27][[32mINFO[0m] - Products Table Created
[2024-12-04 01:42:27][[34mDEBUG[0m] - Creating orders table
[2024-12-04 01:42:27][[32mINFO[0m] - Orders Table Created
[2024-12-04 01:42:27][[34mDEBUG[0m] - Creating news articles table
[2024-12-04 01:42:27][[32mINFO[0m] - News Articles Table Created
[2024-12-04 01:42:59][[34mDEBUG[0m] - Verifying admin privileges for updating a article's status
[2024-12-04 01:42:59][[34mDEBUG[0m] - Starting admin verification
[2024-12-04 01:42:59][[34mDEBUG[0m] - Authorization header found: "Bearer eyJ0eXAiOiJKV1QiLCJhbGciOiJIUzI1NiJ9.eyJzdWIiOjYsImVtYWlsIjoiamV6cmVlbC52ZWxvc29AZ21haWwuY29tIiwiZXhwIjoxNzMzMzY1NTg1fQ.R-TPRf_7rCwYvnydtlTd62Sb7I-0uqB0jjQiWD3uXTg"
[2024-12-04 01:42:59][[34mDEBUG[0m] - Extracted token: eyJ0eXAiOiJKV1QiLCJhbGciOiJIUzI1NiJ9.eyJzdWIiOjYsImVtYWlsIjoiamV6cmVlbC52ZWxvc29AZ21haWwuY29tIiwiZXhwIjoxNzMzMzY1NTg1fQ.R-TPRf_7rCwYvnydtlTd62Sb7I-0uqB0jjQiWD3uXTg
[2024-12-04 01:42:59][[32mINFO[0m] - JWT Successfully verified for user_id=6
[2024-12-04 01:42:59][[34mDEBUG[0m] - JWT verification successfully, user_id=6
[2024-12-04 01:43:00][[34mDEBUG[0m] - Retrieved role for user_id=6: admin
[2024-12-04 01:43:00][[32mINFO[0m] - User with user_id=6 is an admin
[2024-12-04 01:43:00][[32mINFO[0m] - Admin privileges verified
[2024-12-04 01:43:00][[34mDEBUG[0m] - Updating article's status with id=2
[2024-12-04 01:43:00][[32mINFO[0m] - Successfully updated article with id=2
